<?xml version="1.0" encoding="UTF-8"?>
<!-- Generated by org.testng.reporters.JUnitReportReporter -->
<testsuite hostname="DESKTOP-6STPM54" failures="0" tests="1" name="testcase.HomePageTest" time="20.846" errors="0" timestamp="2021-08-25T06:32:53 IST" skipped="0">
  <testcase classname="testcase.HomePageTest" name="verifyWelcomeMsgTest" time="20.846"/>
  <system-out/>
</testsuite> <!-- testcase.HomePageTest -->
